<?xml version="1.0" encoding="UTF-8"?>
<!-- Generated by org.testng.reporters.JUnitXMLReporter -->
<testsuite ignored="0" hostname="KALYAN-AU1R79JD" failures="0" tests="6" name="Surefire test" time="1.935" errors="0" timestamp="2024-08-10T15:09:02 IST">
  <testcase classname="testBase.BaseClass" name="@BeforeClass setUp" time="-1.723282740279E9">
    <failure type="org.testng.TestNGException" message="
Parameter &amp;apos;os&amp;apos; is required by BeforeClass on method setUp but has not been marked @Optional or defined
">
      <![CDATA[org.testng.TestNGException: 
Parameter 'os' is required by BeforeClass on method setUp but has not been marked @Optional or defined

at java.base/java.util.ArrayList.forEach(ArrayList.java:1511)
... Removed 27 stack frames]]>
    </failure>
  </testcase> <!-- @BeforeClass setUp -->
  <testcase classname="testBase.BaseClass" name="@AfterClass closeBrowser" time="0.0">
    <skipped/>
  </testcase> <!-- @AfterClass closeBrowser -->
  <testcase classname="testBase.BaseClass" name="@BeforeClass setUp" time="-1.72328274034E9">
    <failure type="org.testng.TestNGException" message="
Parameter &amp;apos;os&amp;apos; is required by BeforeClass on method setUp but has not been marked @Optional or defined
">
      <![CDATA[org.testng.TestNGException: 
Parameter 'os' is required by BeforeClass on method setUp but has not been marked @Optional or defined

at java.base/java.util.ArrayList.forEach(ArrayList.java:1511)
... Removed 27 stack frames]]>
    </failure>
  </testcase> <!-- @BeforeClass setUp -->
  <testcase classname="testBase.BaseClass" name="@AfterClass closeBrowser" time="0.0">
    <skipped/>
  </testcase> <!-- @AfterClass closeBrowser -->
  <testcase classname="testBase.BaseClass" name="@BeforeClass setUp" time="-1.723282740343E9">
    <failure type="org.testng.TestNGException" message="
Parameter &amp;apos;os&amp;apos; is required by BeforeClass on method setUp but has not been marked @Optional or defined
">
      <![CDATA[org.testng.TestNGException: 
Parameter 'os' is required by BeforeClass on method setUp but has not been marked @Optional or defined

at java.base/java.util.ArrayList.forEach(ArrayList.java:1511)
... Removed 27 stack frames]]>
    </failure>
  </testcase> <!-- @BeforeClass setUp -->
  <testcase classname="testBase.BaseClass" name="@AfterClass closeBrowser" time="0.0">
    <skipped/>
  </testcase> <!-- @AfterClass closeBrowser -->
  <testcase classname="testCases.TC001_AccountRegistrationTest" name="verifyAccountRegistreation" time="0.0">
    <skipped/>
  </testcase> <!-- verifyAccountRegistreation -->
  <testcase classname="testCases.TC002_LoginTest" name="verifyLogin" time="0.0">
    <skipped/>
  </testcase> <!-- verifyLogin -->
  <testcase classname="testCases.TC003_LoginDataDrivenTest" name="verifyLoginDTD" time="0.0">
    <skipped/>
  </testcase> <!-- verifyLoginDTD -->
  <testcase classname="testCases.TC003_LoginDataDrivenTest" name="verifyLoginDTD" time="0.0">
    <skipped/>
  </testcase> <!-- verifyLoginDTD -->
  <testcase classname="testCases.TC003_LoginDataDrivenTest" name="verifyLoginDTD" time="0.0">
    <skipped/>
  </testcase> <!-- verifyLoginDTD -->
  <testcase classname="testCases.TC003_LoginDataDrivenTest" name="verifyLoginDTD" time="0.0">
    <skipped/>
  </testcase> <!-- verifyLoginDTD -->
</testsuite> <!-- Surefire test -->
