<?xml version="1.0" encoding="UTF-8"?>
<!-- Generated by org.testng.reporters.JUnitXMLReporter -->
<testsuite ignored="0" hostname="KALYAN-AU1R79JD" failures="1" tests="1" name="Test" time="41.345" errors="0" timestamp="2024-06-27T23:47:27 IST">
  <testcase classname="testCases.TC001_AccountRegistrationTest" name="verifyAccountRegistreation" time="33.296">
    <failure type="java.lang.AssertionError" message="null">
      <![CDATA[java.lang.AssertionError: null
at testCases.TC001_AccountRegistrationTest.verifyAccountRegistreation(TC001_AccountRegistrationTest.java:58)
at java.base/java.util.ArrayList.forEach(ArrayList.java:1511)
... Removed 29 stack frames]]>
    </failure>
  </testcase> <!-- verifyAccountRegistreation -->
</testsuite> <!-- Test -->
